Running with 1 threads


 Benchmark

 No input file. Using compiled defaults 
 Size:  256x 256x 256  (class B)
 Iterations:                     20

  iter   1
  iter   5
  iter  10
  iter  15
  iter  20

 Benchmark completed
 VERIFICATION SUCCESSFUL
 L2 Norm is  1.8005644013551E-06
 Error is    6.6330115975290E-14


 Benchmark Completed.
 Class           =                        B
 Size            =            256x 256x 256
 Iterations      =                       20
 Operation type  =           floating point
 Verification    =               SUCCESSFUL
 Version         =                    3.3.1
$!./real_parallel: 58.300885
Running with 2 threads


 Benchmark

 No input file. Using compiled defaults 
 Size:  256x 256x 256  (class B)
 Iterations:                     20

  iter   1
  iter   5
  iter  10
  iter  15
  iter  20

 Benchmark completed
 VERIFICATION SUCCESSFUL
 L2 Norm is  1.8005644013551E-06
 Error is    6.6330115975290E-14


 Benchmark Completed.
 Class           =                        B
 Size            =            256x 256x 256
 Iterations      =                       20
 Operation type  =           floating point
 Verification    =               SUCCESSFUL
 Version         =                    3.3.1
$!./real_parallel: 41.810991
Running with 6 threads


 Benchmark

 No input file. Using compiled defaults 
 Size:  256x 256x 256  (class B)
 Iterations:                     20

  iter   1
  iter   5
  iter  10
  iter  15
  iter  20

 Benchmark completed
 VERIFICATION SUCCESSFUL
 L2 Norm is  1.8005644013551E-06
 Error is    6.6330115975290E-14


 Benchmark Completed.
 Class           =                        B
 Size            =            256x 256x 256
 Iterations      =                       20
 Operation type  =           floating point
 Verification    =               SUCCESSFUL
 Version         =                    3.3.1
$!./real_parallel: 46.396089
Running with 12 threads


 Benchmark

 No input file. Using compiled defaults 
 Size:  256x 256x 256  (class B)
 Iterations:                     20

  iter   1
  iter   5
  iter  10
  iter  15
  iter  20

 Benchmark completed
 VERIFICATION SUCCESSFUL
 L2 Norm is  1.8005644013551E-06
 Error is    6.6330115975290E-14


 Benchmark Completed.
 Class           =                        B
 Size            =            256x 256x 256
 Iterations      =                       20
 Operation type  =           floating point
 Verification    =               SUCCESSFUL
 Version         =                    3.3.1
$!./real_parallel: 59.393097
